341 407 373
303 362 309
330 377 331
335 377 358
152 185 140
128 115 116
117 139 128
465 537 470
457 525 470
321 380 324
261 323 275
276 266 259
163 162 145
103 100 109
402 424 408
256 286 246
474 509 501
332 386 356
250 249 235
277 308 289
190 228 185
230 228 225
115 130 120
327 367 352
56 74 57
124 133 128
235 291 241
519 587 532
189 222 213
7 9 6
22 25 14
632 684 623
81 95 77
132 135 133
552 612 573
293 341 331
299 333 288
633 692 636
549 597 566
320 360 310
245 291 275
634 702 644
389 442 392
55 70 59
463 499 477
512 564 528
248 284 268
74 93 82
11 11 11
39 47 52
53 74 66
68 87 81
200 215 190
504 558 527
44 41 42
39 38 32
207 230 184
709 776 708
375 412 391
62 55 65
140 172 149
225 276 228
148 137 134
391 449 402
21 22 20
475 547 485
162 180 168
234 230 221
335 381 338
47 52 59
559 621 577
125 114 130
267 274 262
379 458 405
249 247 239
116 123 107
451 508 462
292 339 294
52 57 62
216 237 199
677 748 685
219 255 235
207 242 233
307 338 293
442 511 448
213 253 237
131 170 142
58 77 76
310 346 316
100 84 92
229 280 244
283 305 262
584 651 590
323 328 318
401 422 403
181 212 197
455 503 463
244 266 242
445 477 450
484 546 495
307 343 314
332 375 348
143 129 125
43 46 53
265 287 267
2 5 7
211 207 199
709 758 697
612 681 617
568 635 578
360 428 384
255 269 235
173 199 189
282 348 300
727 791 727
439 500 443
186 215 202
410 430 411
466 518 461
576 642 576
658 724 660
69 91 83
168 216 189
179 211 199
43 50 48
193 241 211
459 497 476
296 303 295
529 600 543
593 662 598
68 53 50
65 66 73
385 402 392
649 715 646
338 343 333
96 112 104
291 310 263
320 318 319
506 553 515
547 604 546
113 142 129
111 124 122
272 330 290
219 269 225
226 249 212
143 168 155
270 316 303
239 282 266
66 64 68
160 161 166
436 485 444
373 455 397
157 190 182
120 145 138
51 45 37
593 660 602
49 47 42
654 730 663
44 39 39
471 507 483
364 380 360
604 663 610
25 30 16
215 217 212
9 14 6
218 271 235
334 340 335
703 746 687
129 146 138
38 46 36
30 30 34
494 570 500
118 148 120
532 589 528
537 599 536
73 84 81
246 244 233
391 475 419
34 31 25
291 324 285
141 176 167
283 305 258
202 200 198
422 472 439
6 7 13
311 335 316
203 230 222
339 399 353
29 43 27
73 72 57
125 156 131
92 78 96
302 353 309
79 88 92
393 442 392
550 613 554
368 389 383
122 141 135
187 217 202
187 189 189
391 425 411
60 56 50
22 27 20
515 554 536
318 344 302
234 228 226
89 101 85
226 222 208
368 394 375
68 68 73
133 148 127
510 551 527
145 159 144
4 2 0
62 46 53
129 108 108
99 84 98
128 156 135
63 70 59
154 192 153
22 12 12
13 11 5
290 347 304
248 251 247
14 17 22
38 55 50
432 484 431
305 337 312
100 126 103
190 222 201
555 620 549
358 434 379
351 419 375
313 324 309
546 608 557
591 645 584
24 24 23
37 42 43
467 538 469
3 6 2
226 259 243
351 413 376
391 459 417
72 88 90
291 303 289
247 274 227
267 279 269
21 20 16
80 103 91
249 287 243
322 328 320
304 344 300
126 122 130
606 669 617
7 14 12
167 177 162
206 236 191
99 122 107
350 397 362
6 4 7
503 580 506
771 832 764
88 78 78
19 20 23
352 381 367
216 212 199
663 726 660
196 201 198
175 156 152
437 510 455
40 47 39
579 635 592
448 502 463
588 645 586
336 397 352
756 817 748
52 67 65
327 395 344
114 134 128
121 126 119
234 259 224
501 550 521
315 379 346
534 591 553
58 74 62
773 836 770
483 522 500
52 55 51
256 284 258
60 78 75
105 99 87
101 111 108
297 369 331
289 332 284
222 216 207
124 129 124
222 270 255
190 190 164
741 793 735
121 130 106
326 366 315
29 40 28
338 395 358
286 282 277
469 532 489
292 322 279
300 353 303
217 272 237
375 391 386
392 404 392
309 342 298
213 215 194
496 548 513
44 45 48
704 770 717
131 159 153
202 228 192
35 48 44
521 595 521
21 10 12
312 317 307
276 284 280
164 149 156
526 598 542
141 126 119
290 295 288
72 95 86
158 171 155
88 101 88
212 199 203
515 564 513
588 660 587
23 32 27
230 263 253
291 341 331
115 136 125
130 160 122
352 399 349
638 694 642
226 223 218
79 97 94
282 305 263
22 30 18
95 89 90
707 774 713
123 152 147
590 649 587
56 67 67
751 812 754
429 462 431
783 842 771
627 686 617
444 523 458
324 326 322
687 751 684
447 512 452
656 712 653
704 772 716
477 553 495
80 98 96
38 40 35
193 204 185
198 179 181
119 146 137
41 53 43
325 397 359
232 272 231
45 58 50
307 308 300
115 110 97
731 797 735
283 288 286
12 15 21
300 369 316
254 252 245
301 361 316
146 134 134
17 21 21
31 24 19
379 400 392
95 114 105
157 190 163
69 62 56
460 530 469
3 8 5
442 494 442
87 83 83
95 105 103
490 533 503
285 284 277
205 238 228
468 516 471
19 24 23
323 346 330
67 78 62
277 275 262
495 572 507
262 259 251
29 32 33
212 208 201
393 436 385
282 326 300
30 27 20
164 143 138
14 22 18
515 565 530
267 275 272
279 313 269
567 627 581
157 175 170
724 786 724
596 652 595
5 4 8
559 618 564
59 73 68
381 446 395
587 649 609
191 195 178
324 363 314
102 118 118
301 355 322
41 50 50
651 700 642
35 50 42
379 435 387
172 191 159
253 311 262
16 27 24
35 33 35
620 695 635
522 598 529
400 446 396
152 190 161
408 483 430
303 339 314
181 205 195
1 3 2
603 668 612
468 507 486
506 561 510
293 321 276
472 542 488
426 504 453
400 452 400
88 101 97
375 434 380
595 655 608
445 486 452
297 350 307
382 449 404
441 496 450
436 462 443
239 237 221
49 62 55
154 141 139
542 616 556
129 138 132
107 98 100
299 348 330
423 474 419
96 116 107
272 320 293
302 330 314
379 435 394
19 28 19
503 556 505
304 367 343
57 36 46
341 401 346
84 74 64
202 231 183
488 556 496
546 604 551
355 407 355
355 419 362
391 457 416
252 302 287
164 199 170
42 62 37
212 232 192
185 184 179
592 659 614
233 228 219
399 455 404
196 230 221
5 7 3
124 143 137
350 380 333
199 245 207
30 43 37
60 74 75
354 383 371
453 516 459
51 44 32
364 376 361
27 29 27
360 380 364
67 78 76
429 496 437
731 790 732
167 166 176
82 81 82
114 124 114
586 658 592
265 282 267
474 542 477
684 739 686
281 297 263
103 129 116
40 46 43
66 67 62
489 530 500
5 3 5
32 41 28
289 335 285
74 77 85
361 432 387
298 350 294
269 261 253
202 232 221
79 94 83
285 348 308
372 439 401
156 187 143
21 23 12
84 85 92
314 369 315
123 118 124
45 36 33
387 406 388
420 449 433
147 180 155
541 590 558
571 628 576
372 429 373
338 350 333
151 172 164
95 109 104
434 498 454
507 578 526
110 107 100
65 62 68
139 127 126
412 460 407
286 350 303
85 103 93
635 704 650
392 437 387
219 265 241
191 237 202
545 607 542
99 107 97
133 129 117
124 143 139
127 136 138
91 107 86
741 808 743
606 676 623
370 389 380
22 29 33
130 134 113
77 75 58
618 681 628
302 363 328
215 221 211
334 377 330
557 627 565
511 577 520
331 333 333
342 413 357
294 289 285
28 29 38
76 96 75
155 153 141
9 8 9
31 36 30
120 133 124
421 474 418
330 371 330
202 233 220
37 47 36
211 228 186
283 315 274
174 179 165
76 94 73
119 140 134
430 505 444
107 128 101
440 472 444
93 113 102
380 447 391
47 55 54
251 288 243
394 418 400
216 209 208
84 105 91
61 65 60
149 171 164
256 294 248
509 571 515
86 74 70
94 101 98
446 521 465
607 663 603
20 15 19
232 246 229
200 218 177
114 112 102
40 50 45
637 702 634
760 818 758
123 124 117
506 560 507
78 93 75
181 185 173
111 124 123
235 272 252
115 136 126
135 145 126
156 188 180
209 245 227
45 48 49
201 197 185
421 450 432
164 165 158
726 781 725
157 194 160
123 151 117
6 11 8
115 124 105
217 255 246
651 699 641
640 715 655
430 451 432
162 176 161
162 197 181
29 24 26
30 31 31
188 166 165
333 395 345
228 275 253
127 137 115
24 21 20
2 3 1
391 468 412
224 249 212
278 275 267
385 399 384
221 217 216
304 307 300
197 212 190
477 522 480
68 57 52
296 315 275
189 196 175
330 399 366
345 411 367
452 486 457
339 368 323
340 400 360
465 501 476
146 186 159
263 299 258
626 690 629
211 209 203
260 298 280
267 322 280
504 557 503
121 132 130
147 134 133
230 249 207
385 459 411
268 279 275
38 50 36
649 700 641
120 108 103
359 424 376
490 542 487
480 517 491
255 281 244
205 222 193
649 713 655
383 401 385
167 177 152
23 29 22
8 10 11
90 107 92
284 335 303
256 315 266
394 420 401
620 692 627
216 232 211
168 183 178
88 111 105
222 263 222
103 120 110
443 503 444
502 576 502
158 140 134
200 216 193
494 539 506
359 413 370
146 133 133
323 324 314
534 591 533
218 262 225
46 54 41
126 161 138
479 523 482
124 146 120
125 112 116
426 490 441
273 333 305
613 676 604
228 266 222
309 350 324
432 465 443
278 289 265
126 126 114
129 139 138
321 378 324
559 625 559
25 22 24
27 27 16
184 199 189
653 725 665
102 112 99
285 332 301
336 397 350
43 54 36
400 483 432
334 388 358
264 291 255
280 344 292
461 518 480
699 760 707
45 45 44
331 375 336
370 446 398
593 644 579
310 319 305
57 69 71
39 28 31
146 181 171
46 52 52
23 27 19
420 498 444
107 128 102
544 599 562
110 128 123
274 320 299
225 243 227
54 53 59
113 122 97
162 198 162
101 127 117
87 82 81
153 164 153
37 51 47
413 482 426
317 376 321
176 190 171
141 131 143
595 657 615
364 413 383
20 23 22
198 235 199
326 332 327
355 418 370
279 278 274
129 157 154
385 411 402
132 132 138
217 267 240
113 134 104
513 560 533
180 174 164
47 59 51
589 655 611
748 816 755
542 603 543
0 4 1
370 415 364
312 381 344
409 441 421
338 381 357
444 497 445
478 527 485
6 4 6
311 314 306
357 415 369
95 84 81
332 337 332
7 15 17
729 791 727
231 254 214
133 145 126
9 15 14
192 215 203
25 21 27
39 54 35
522 588 523
119 149 130
123 106 105
165 166 153
458 495 477
58 60 67
630 705 640
707 777 720
46 41 36
200 249 221
215 261 221
213 248 197
455 511 476
5 3 3
139 176 151
104 133 105
390 449 401
457 528 468
515 586 537
22 33 30
136 138 118
190 197 175
408 462 416
529 577 543
209 267 236
350 407 358
255 317 266
8 10 8
183 166 159
143 133 129
78 75 62
324 364 318
196 219 185
514 580 518
285 332 312
140 146 141
85 76 75
269 332 287
194 201 183
310 366 331
98 116 89
124 136 125
349 367 351
222 270 243
259 310 284
333 397 353
490 569 501
466 529 473
254 249 237
530 587 540
363 376 360
350 362 347
456 485 466
84 73 88
64 72 55
108 137 125
215 259 225
11 6 7
44 44 38
12 11 8
128 154 130
159 192 155
259 267 254
72 91 84
137 148 131
552 612 554
72 88 74
462 497 476
230 234 209
299 331 284
361 422 368
455 486 475
120 129 114
471 543 479
524 593 534
165 195 182
98 114 109
95 102 82
449 504 447
388 461 408
329 392 356
92 109 90
457 525 466
20 16 20
491 531 508
22 28 27
72 64 69
283 346 303
122 123 105
403 425 414
560 628 559
275 318 299
371 429 387
592 656 591
93 118 112
68 82 74
60 46 46
313 349 320
188 170 165
86 90 86
103 100 110
148 128 121
312 313 313
50 62 54
474 553 486
127 105 108
651 714 648
39 48 47
506 553 521
241 287 273
187 192 186
225 227 218
137 164 159
57 80 67
12 15 13
368 440 389
363 372 361
222 266 252
362 373 362
133 172 148
278 328 294
185 192 179
202 183 188
230 262 255
332 375 326
216 247 236
533 591 533
111 102 92
435 490 434
539 607 540
701 759 710
428 487 441
460 529 474
451 535 470
100 111 107
77 89 82
250 310 263
198 211 186
91 96 91
481 533 485
30 34 19
278 312 269
554 617 557
85 101 95
269 326 287
248 289 268
364 396 376
441 477 464
139 135 114
693 751 690
100 90 89
292 319 277
69 67 62
116 139 122
633 702 630
74 94 89
97 123 86
346 389 366
53 62 60
389 438 389
285 349 312
546 598 548
549 604 559
121 147 126
313 321 309
250 273 233
124 121 125
2 7 8
241 282 256
222 253 242
175 217 195
313 321 304
435 488 435
450 531 470
24 27 18
383 411 398
44 59 58
474 517 475
129 158 124
445 504 446
220 262 222
463 499 466
65 55 56
81 64 80
5 3 3
242 265 221
121 100 102
608 676 623
441 474 462
151 157 136
167 207 190
377 432 383
136 141 133
533 587 527
678 731 682
489 556 504
427 481 430
65 76 78
176 181 166
404 431 417
665 734 668
265 274 257
277 317 270
455 496 462
243 291 262
63 62 73
39 36 40
68 50 60
351 400 355
305 312 302
14 18 12
290 357 315
159 195 158
193 234 214
232 274 256
333 377 340
66 61 54
295 292 295
218 217 197
189 218 206
567 627 576
86 80 76
355 385 369
11 15 9
81 89 93
708 778 712
311 312 312
526 600 534
134 161 139
39 52 35
32 31 38
101 113 100
366 383 374
584 647 606
211 213 191
591 647 587
702 761 710
517 562 528
649 713 650
200 244 204
506 545 519
472 521 466
224 262 217
545 616 544
648 697 639
385 416 393
31 28 30
437 494 448
147 170 162
319 386 355
548 604 546
470 504 482
104 95 94
240 238 233
673 749 681
578 639 590
142 176 132
226 219 213
501 570 509
762 819 751
180 171 164
85 100 99
93 111 87
205 257 223
276 271 264
365 425 375
215 249 208
42 57 52
330 338 331
330 370 352
270 275 260
275 329 297
180 212 205
266 273 263
81 93 83
179 185 169
696 758 704
132 134 129
389 414 403
344 396 347
268 298 279
313 353 313
148 135 134
377 391 373
15 17 22
151 176 174
224 258 247
22 28 29
433 499 441
472 513 499
369 384 366
461 492 480
53 62 53
185 173 172
97 116 91
595 654 592
127 114 102
220 256 244
153 169 137
89 87 85
352 362 354
123 122 121
78 77 73
289 284 279
369 385 379
83 83 82
232 235 232
296 341 326
236 237 211
230 292 251
394 469 418
50 62 68
181 184 171
83 99 74
328 371 325
76 90 85
92 101 100
144 148 128
345 379 358
81 103 101
289 344 296
79 97 91
34 39 35
381 464 411
12 10 7
99 97 96
25 41 35
53 62 58
302 328 289
222 242 202
100 127 107
628 693 624
11 15 11
96 92 76
51 46 45
28 32 37
482 550 489
509 573 517
302 356 335
157 170 158
220 271 230
209 189 192
424 485 432
378 393 379
211 220 205
53 53 45
86 80 81
478 517 488
389 432 381
9 11 12
252 310 263
512 560 526
576 639 590
180 160 156
162 193 177
406 468 417
519 585 524
312 318 305
83 76 75
55 65 66
108 126 112
70 61 58
675 741 677
2 0 0
304 340 323
82 77 72
5 2 0
14 17 12
137 147 123
301 337 291
166 156 153
61 65 51
83 85 82
143 169 154
169 167 172
212 251 214
137 134 123
280 325 313
173 152 151
353 366 355
62 69 67
162 200 169
3 6 6
66 83 79
4 2 2
56 63 58
104 128 104
134 162 139
102 107 104
574 637 586
310 344 304
266 270 273
298 302 295
107 131 104
272 305 262
349 392 347
232 229 219
138 128 118
296 314 274
289 299 284
133 152 124
292 345 295
66 62 67
340 349 342
461 527 469
225 278 245
50 64 58
6 12 12
196 236 221
315 324 312
602 669 613
484 542 487
168 202 163
453 482 462
598 662 599
338 344 330
258 314 266
41 37 38
91 77 85
75 89 70
92 85 76
449 520 462
13 12 6
23 26 32
163 199 165
357 390 343
4 2 2
124 153 113
13 13 9
450 514 466
6 2 9
347 410 360
29 48 23
546 612 552
322 370 352
264 254 248
117 137 109
247 269 228
63 63 56
87 101 93
145 177 136
212 207 209
271 319 286
13 16 19
226 281 250
232 231 223
603 657 596
502 553 517
4 6 4
383 408 386
41 51 48
626 671 608
332 341 325
175 197 186
31 26 33
142 148 139
813 873 807
2 1 0
234 285 260
151 187 149
239 274 264
215 208 205
585 653 585
112 136 124
326 334 326
103 129 115
285 349 318
97 87 89
149 162 158
224 276 242
95 116 83
124 154 134
164 195 162
53 45 33
438 470 459
510 550 530
4 3 2
444 518 466
6 9 6
381 414 392
181 207 197
287 317 290
560 625 582
75 95 85
103 103 91
550 621 551
319 386 349
9 9 14
169 206 165
363 372 358
520 569 517
260 278 243
396 442 392
26 28 31
56 68 68
172 205 194
609 679 616
195 187 181
108 115 103
47 51 54
354 369 363
212 229 201
315 319 309
523 592 538
491 536 498
284 350 300
335 401 357
636 682 622
24 27 28
196 233 221
218 251 246
6 3 3
329 387 352
618 676 622
703 769 705
51 61 63
589 651 585
540 597 553
579 640 585
255 303 271
14 10 5
510 574 507
495 562 496
375 429 381
50 68 55
398 428 408
394 466 415
768 827 757
91 111 89
345 410 365
476 514 488
304 305 303
154 167 138
180 202 161
322 394 357
146 179 154
213 245 235
72 84 80
323 383 333
278 335 283
598 649 586
57 66 65
477 515 495
225 219 212
139 138 140
257 281 254
32 30 19
578 644 584
46 39 39
194 189 170
303 358 304
549 601 547
161 196 156
128 155 129
76 100 72
81 74 71
462 497 473
517 583 530
334 378 354
299 296 289
392 459 405
743 800 741
307 353 334
159 173 144
224 276 245
33 44 42
183 226 200
353 396 373
369 436 397
25 23 15
299 322 308
268 264 259
732 795 732
362 423 380
307 323 311
144 177 160
569 629 576
67 62 60
98 117 91
674 742 672
16 21 16
206 247 232
204 198 199
359 414 370
294 360 313
28 41 25
391 405 390
63 61 65
598 666 616
345 389 344
7 8 11
665 715 665
196 229 182
523 596 527
303 335 298
684 753 680
463 501 481
129 109 103
146 144 150
434 464 456
468 501 487
609 667 601
321 379 338
2 0 2
152 172 134
459 493 465
201 249 219
95 97 90
150 173 170
342 401 348
374 395 375
214 234 192
369 392 385
446 502 460
154 155 141
412 478 428
40 48 46
95 115 108
408 467 423
192 199 179
69 79 79
260 319 280
121 102 99
442 512 456
138 125 122
285 294 289
149 180 172
744 809 743
127 142 138
424 476 421
404 435 413
417 444 434
219 238 226
273 269 267
505 557 504
189 182 176
512 563 527
550 615 563
425 453 437
456 522 465
263 293 269
126 135 111
113 124 109
448 512 464
318 361 331
354 366 345
426 490 443
426 497 438
195 195 171
264 307 290
245 263 246
524 566 543
533 586 550
170 159 165
427 461 431
147 136 134
55 48 37
346 361 354
539 594 535
597 664 615
34 36 41
202 235 225
6 3 6
626 688 634
126 136 117
190 228 221
500 553 504
75 87 72
145 181 136
234 284 253
562 624 571
83 102 69
498 542 516
93 112 104
685 742 680
267 290 270
220 273 241
480 529 489
121 110 105
402 468 419
51 48 46
657 711 653
331 404 356
189 215 171
424 498 438
411 476 427
47 57 51
287 347 316
293 352 323
179 188 176
580 637 575
250 246 234
112 119 116
315 358 332
367 377 361
131 125 135
416 476 430
14 17 16
277 280 273
249 301 279
703 767 716
361 416 383
6 6 3
101 120 117
32 46 26
126 156 139
54 56 62
577 639 577
427 452 444
510 558 524
68 61 55
581 645 579
176 181 172
237 259 228
150 181 178
79 67 78
202 242 223
204 183 187
140 132 141
313 359 312
215 224 211
278 326 297
46 44 48
328 384 337
16 20 13
130 148 121
25 22 21
428 460 448
226 279 241
136 121 112
116 127 120
42 60 52
431 486 430
442 499 456
242 286 257
136 126 133
54 44 38
483 554 488
330 362 315
111 99 90
218 264 223
163 141 135
298 337 306
168 190 190
52 66 50
70 95 71
100 90 105
54 65 57
67 78 70
300 332 288
49 52 45
576 638 578
588 651 610
16 20 16
197 236 220
282 294 273
644 688 631
660 715 655
295 324 304
37 46 34
54 63 50
212 212 208
337 403 348
607 677 619
101 94 81
616 672 608
612 676 623
402 466 417
333 340 333
8 10 10
394 445 397
158 155 150
513 582 524
424 451 444
690 751 694
46 42 39
126 158 117
530 578 548
272 308 262
398 428 410
211 234 191
534 579 555
638 714 645
2 6 5
170 197 150
78 63 60
373 422 391
465 494 488
249 248 241
577 634 575
363 429 391
90 83 80
445 499 457
534 590 531
654 703 647
219 269 223
141 161 158
346 375 327
118 110 117
374 441 384
80 78 74
43 47 35
125 150 143
140 151 123
576 648 581
222 242 201
503 568 513
227 261 253
257 288 267
182 162 164
650 725 662
208 227 195
190 187 180
127 149 142
59 62 61
243 278 263
68 58 53
81 96 73
641 706 646
658 722 659
211 252 229
65 82 77
524 588 528
111 111 114
502 571 521
468 535 483
207 239 189
302 311 299
622 672 610
69 63 51
107 131 117
13 14 14
150 150 154
35 51 50
147 144 128
372 392 377
509 569 506
34 45 36
702 754 693
120 129 128
245 302 260
162 167 161
143 141 123
111 115 97
144 179 158
111 142 119
159 161 144
54 71 56
102 105 101
332 363 323
597 659 608
110 114 111
125 149 142
495 538 510
138 139 136
216 220 214
183 217 206
247 270 247
462 530 475
598 657 600
119 151 135
601 668 612
245 249 241
328 333 318
508 559 524
228 281 234
438 517 462
530 602 543
177 173 166
427 473 440
153 174 160
355 417 370
224 267 251
100 127 120
84 102 97
401 463 423
58 75 73
724 787 727
123 135 126
637 699 639
98 104 94
106 94 98
146 171 158
293 344 291
402 465 421
155 196 167
281 280 281
749 807 751
143 174 152
21 27 20
554 620 567
292 300 294
127 137 127
639 689 634
78 102 87
151 151 154
215 268 239
246 288 274
202 233 223
537 586 540
210 234 188
465 517 464
627 679 619
290 322 279
462 529 466
742 800 745
88 81 71
209 227 201
404 461 406
375 427 386
761 817 749
526 577 547
465 519 464
406 471 422
452 515 462
62 45 54
190 188 186
47 37 29
681 743 684
142 137 145
135 152 144
305 304 294
548 602 551
3 9 10
174 149 149
442 477 450
127 141 135
124 146 134
418 447 426
254 250 251
303 350 300
11 7 14
347 396 359
164 201 188
505 568 509
363 373 359
119 137 111
422 455 429
567 629 587
274 321 311
340 381 357
44 53 33
193 191 195
4 2 7
85 99 88
139 153 137
402 433 416
341 350 339
17 10 11
273 282 273
322 352 302
32 44 31
97 120 111
16 15 17
777 839 770
276 303 279
100 125 116
34 26 36
157 199 173
328 334 324
54 46 39
16 20 22
29 30 29
49 56 47
23 28 20
191 173 173
1 0 1
219 237 217
153 164 148
260 285 246
61 75 65
300 331 286
451 504 467
19 21 25
113 137 110
432 481 433
204 253 224
508 558 524
96 81 102
30 19 25
244 274 234
604 655 593
22 30 32
408 466 418
278 330 280
217 266 225
259 318 273
123 127 124
161 178 151
664 728 669
95 106 102
69 66 72
335 402 347
195 231 189
750 818 746
36 36 44
266 270 258
204 224 212
356 402 368
14 17 19
228 282 234
642 692 636
159 190 180
84 105 97
21 24 28
341 400 353
690 752 696
426 490 434
145 169 154
272 267 259
157 186 178
207 243 232
487 548 493
532 588 552
669 727 661
227 273 233
460 532 475
145 173 164
187 170 167
144 178 167
183 225 183
639 691 641
103 89 85
510 562 510
300 370 312
224 270 242
96 101 105
553 615 572
359 403 377
160 197 182
229 225 218
291 301 289
676 747 673
164 204 186
421 483 428
584 648 586
501 575 503
46 56 53
359 414 364
467 537 480
311 345 308
78 98 75
420 445 428
494 556 495
30 34 43
469 542 484
385 462 412
235 273 227
380 445 393
14 19 22
55 53 53
315 371 342
411 436 417
418 447 429
303 350 330
292 342 318
275 291 249
444 498 460
63 63 57
195 211 189
279 344 290
351 357 340
312 337 292
383 403 385
294 365 306
143 151 139
140 177 166
475 516 484
301 305 294
147 180 158
378 422 373
86 94 82
38 56 51
136 165 141
320 358 330
235 255 224
440 473 451
252 256 246
103 130 121
240 301 269
331 393 359
135 163 122
203 204 200
44 48 53
338 389 342
269 263 259
314 348 309
466 534 483
728 797 733
301 313 302
184 171 171
399 441 387
109 126 121
155 169 162
17 23 24
366 448 389
330 350 338
260 288 271
211 255 234
315 370 321
555 626 556
27 36 34
60 56 46
341 399 349
698 744 684
180 206 194
30 35 40
208 236 194
43 50 48
23 29 20
476 547 481
470 495 477
205 187 192
725 777 723
244 294 281
669 720 668
171 207 198
366 386 376
92 106 100
336 347 335
182 195 178
118 142 110
2 3 4
337 367 326
171 222 195
263 317 266
148 146 126
4 5 3
475 532 473
103 122 95
224 265 248
21 23 12
17 19 21
753 812 752
27 41 36
37 47 41
199 229 218
50 59 48
191 240 211
135 146 144
207 258 224
297 338 297
223 254 248
329 334 328
468 502 480
546 605 559
531 590 533
64 82 73
376 453 405
137 144 137
16 11 18
333 389 339
614 683 624
464 497 486
213 255 213
404 476 434
178 185 168
135 163 145
652 730 669
213 234 206
80 95 83
454 523 465
128 117 118
198 210 187
361 376 369
87 86 88
23 32 34
97 122 106
658 715 664
293 361 308
291 325 297
28 17 21
378 395 380
618 688 623
772 834 764
127 145 142
130 158 145
97 92 93
173 213 181
226 280 237
446 504 457
83 101 93
1 0 1
488 557 501
684 737 692
15 18 17
613 666 606
241 263 219
317 385 348
86 109 86
325 334 317
37 53 45
229 265 221
247 290 269
226 285 248
187 170 173
217 271 241
352 357 344
387 459 411
329 383 354
514 558 529
664 727 659
265 317 302
199 191 187
305 371 322
587 655 603
179 161 157
278 311 278
482 550 498
505 579 508
77 96 84
283 343 297
123 113 105
549 615 548
146 135 144
49 44 43
330 359 318
254 295 271
16 18 10
166 198 169
28 34 29
371 390 382
212 230 201
249 265 251
141 176 167
450 490 474
343 402 349
31 19 19
61 72 62
283 337 299
184 193 167
146 148 140
548 619 550
186 215 212
104 98 95
447 521 464
619 692 619
457 490 472
186 190 167
641 686 629
154 189 154
339 365 349
20 20 24
624 696 633
339 407 359
122 144 137
283 302 255
505 575 511
274 309 285
536 594 553
556 612 564
394 436 384
259 303 294
57 68 66
16 14 16
138 157 153
273 337 286
650 702 641
454 524 470
4 5 2
637 706 645
433 489 451
629 697 639
2 0 0
272 301 278
539 601 538
408 451 425
500 545 516
123 128 118
356 422 383
203 249 200
473 516 492
364 428 378
53 51 51
395 448 396
274 323 293
140 149 148
123 129 113
308 354 334
96 107 86
499 572 512
302 340 317
292 326 306
288 290 288
328 388 342
250 296 280
536 591 555
208 207 188
181 173 176
599 676 600
22 27 18
525 589 527
206 250 227
148 168 165
189 234 207
50 47 42
432 480 429
382 448 401
235 236 232
138 145 126
152 142 148
747 803 746
393 453 408
201 198 176
98 122 114
63 63 64
601 664 613
543 602 538
150 187 162
76 99 84
235 274 255
258 291 244
194 221 209
474 549 484
10 16 9
313 339 317
95 100 105
54 60 58
615 677 614
170 164 155
119 146 140
70 68 64
93 115 98
12 8 14
140 149 147
437 491 435
519 572 525
325 335 322
440 472 448
155 193 154
342 403 354
85 84 84
182 186 187
3 7 7
570 634 588
513 578 519
584 646 597
212 265 230
644 687 631
233 269 247
350 418 365
294 321 301
695 756 700
356 368 349
100 110 100
423 500 444
188 236 202
226 224 222
289 296 288
166 146 140
398 460 417
1 0 2
188 188 176
358 410 359
204 203 193
363 403 357
258 288 272
97 122 98
122 110 126
470 503 494
69 84 65
409 439 419
230 225 215
678 731 682
5 10 9
263 271 259
12 19 15
228 226 226
449 477 463
93 78 86
36 38 31
511 565 523
86 103 89
530 582 546
175 175 168
122 154 135
169 212 191
284 305 266
730 785 730
112 134 126
325 329 325
52 52 47
278 277 270
121 125 120
49 49 46
260 275 241
501 541 516
399 433 419
681 752 688
95 120 113
186 194 170
11 7 11
654 721 653
44 57 46
250 254 254
534 605 530
432 509 450
485 562 492
497 539 520
434 509 456
439 472 447
197 205 185
127 128 125
256 259 255
35 41 37
673 735 679
58 76 72
126 128 117
159 170 155
397 433 415
388 413 401
94 121 108
82 102 87
496 568 510
623 688 616
247 242 230
242 240 224
21 23 18
84 77 77
318 360 312
561 621 563
118 130 130
166 206 179
507 560 529
92 114 95
180 184 178
22 20 20
103 125 119
345 411 380
573 632 583
137 134 133
170 191 181
56 72 45
91 112 88
440 475 453
57 52 37
434 486 438
317 352 330
723 788 731
114 147 121
323 347 329
102 126 111
168 201 159
317 325 312
225 273 234
472 537 485
252 239 231
628 680 627
332 363 318
236 269 226
116 138 110
582 653 581
147 186 163
319 383 339
208 205 192
96 102 99
86 74 76
205 201 198
236 276 263
358 411 367
255 306 284
106 135 111
273 291 251
80 96 91
414 491 433
105 132 93
8 8 11
244 251 235
637 688 625
311 373 326
310 348 321
518 583 525
621 682 610
135 122 121
2 3 2
398 427 412
202 241 228
325 386 332
755 820 752
103 92 94
661 714 655
364 436 387
31 44 27
56 70 50
496 561 500
272 317 299
27 36 26
611 683 617
300 351 306
194 202 182
112 141 127
17 20 22
577 640 591
571 630 586
103 129 105
426 503 447
154 142 135
286 353 303
166 181 167
53 69 68
546 610 550
597 665 617
130 153 151
365 386 375
350 412 367
300 313 302
13 10 20
674 740 669
115 95 96
56 55 63
253 304 261
245 273 240
401 467 419
130 127 115
98 128 103
41 39 39
388 445 404
534 587 557
402 435 418
343 415 382
25 34 34
155 173 162
318 383 348
476 546 490
301 348 335
239 274 257
0 1 1
289 355 315
372 391 383
615 675 616
550 620 564
200 212 202
238 232 224
538 590 537
17 11 18
68 77 57
6 9 5
115 123 113
303 330 315
386 440 397
707 768 703
123 150 137
70 72 72
151 140 134
193 215 204
234 274 256
84 101 79
